TeraTourAR/build/outputs/logs/manifest-merger-debug-report.txt
-- Merging decision tree log ---
manifest
ADDED from src/main/AndroidManifest.xml:2:1-83:12
INJECTED from src/main/AndroidManifest.xml:2:1-83:12
INJECTED from src/main/AndroidManifest.xml:2:1-83:12
INJECTED from src/main/AndroidManifest.xml:2:1-83:12
INJECTED from src/main/AndroidManifest.xml:2:1-83:12
INJECTED from src/main/AndroidManifest.xml:2:1-83:12
INJECTED from src/main/AndroidManifest.xml:2:1-83:12
	package
		ADDED from src/main/AndroidManifest.xml:4:5-33
		INJECTED from src/main/AndroidManifest.xml
		INJECTED from src/main/AndroidManifest.xml
	android:versionName
		INJECTED from src/main/AndroidManifest.xml
		ADDED from src/main/AndroidManifest.xml:2:1-83:12
		INJECTED from src/main/AndroidManifest.xml
	xmlns:tools
		ADDED from src/main/AndroidManifest.xml:3:5-51
	android:versionCode
		INJECTED from src/main/AndroidManifest.xml
		ADDED from src/main/AndroidManifest.xml:2:1-83:12
		INJECTED from src/main/AndroidManifest.xml
	xmlns:android
		ADDED from src/main/AndroidManifest.xml:2:11-69
	android:installLocation
		ADDED from src/main/AndroidManifest.xml:5:5-45
uses-sdk
ADDED from src/main/AndroidManifest.xml:7:5-17
INJECTED from src/main/AndroidManifest.xml:7:5-17
INJECTED from src/main/AndroidManifest.xml:7:5-17
	android:minSdkVersion
		INJECTED from src/main/AndroidManifest.xml
		ADDED from src/main/AndroidManifest.xml:7:5-17
		INJECTED from src/main/AndroidManifest.xml
uses-permission#android.permission.CAMERA
ADDED from src/main/AndroidManifest.xml:9:5-65
	android:name
		ADDED from src/main/AndroidManifest.xml:9:22-62
uses-permission#android.permission.WRITE_EXTERNAL_STORAGE
ADDED from src/main/AndroidManifest.xml:10:5-81
	android:name
		ADDED from src/main/AndroidManifest.xml:10:22-78
uses-permission#android.permission.INTERNET
ADDED from src/main/AndroidManifest.xml:11:5-67
	android:name
		ADDED from src/main/AndroidManifest.xml:11:22-64
uses-permission#android.permission.ACCESS_NETWORK_STATE
ADDED from src/main/AndroidManifest.xml:12:5-79
	android:name
		ADDED from src/main/AndroidManifest.xml:12:22-76
uses-permission#android.permission.ACCESS_WIFI_STATE
ADDED from src/main/AndroidManifest.xml:13:5-75
	android:name
		ADDED from src/main/AndroidManifest.xml:13:22-73
uses-feature#0x00020000
ADDED from src/main/AndroidManifest.xml:15:5-17:35
	android:glEsVersion
		ADDED from src/main/AndroidManifest.xml:16:9-41
	android:required
		ADDED from src/main/AndroidManifest.xml:17:9-32
uses-feature#android.hardware.camera
ADDED from src/main/AndroidManifest.xml:19:5-21:35
	android:required
		ADDED from src/main/AndroidManifest.xml:21:9-32
	android:name
		ADDED from src/main/AndroidManifest.xml:20:9-47
supports-screens
ADDED from src/main/AndroidManifest.xml:23:5-29:48
	android:largeScreens
		ADDED from src/main/AndroidManifest.xml:25:9-36
	android:smallScreens
		ADDED from src/main/AndroidManifest.xml:27:9-37
	android:normalScreens
		ADDED from src/main/AndroidManifest.xml:26:9-37
	android:xlargeScreens
		ADDED from src/main/AndroidManifest.xml:28:9-37
	android:anyDensity
		ADDED from src/main/AndroidManifest.xml:24:9-34
	tools:replace
		ADDED from src/main/AndroidManifest.xml:29:9-45
uses-feature#android.hardware.camera.autofocus
ADDED from src/main/AndroidManifest.xml:31:5-33:36
	android:required
		ADDED from src/main/AndroidManifest.xml:33:9-33
	android:name
		ADDED from src/main/AndroidManifest.xml:32:9-57
uses-feature#android.hardware.camera.front
ADDED from src/main/AndroidManifest.xml:34:5-36:36
	android:required
		ADDED from src/main/AndroidManifest.xml:36:9-33
	android:name
		ADDED from src/main/AndroidManifest.xml:35:9-53
uses-feature#android.hardware.touchscreen
ADDED from src/main/AndroidManifest.xml:37:5-39:36
	android:required
		ADDED from src/main/AndroidManifest.xml:39:9-33
	android:name
		ADDED from src/main/AndroidManifest.xml:38:9-52
uses-feature#android.hardware.touchscreen.multitouch
ADDED from src/main/AndroidManifest.xml:40:5-42:36
	android:required
		ADDED from src/main/AndroidManifest.xml:42:9-33
	android:name
		ADDED from src/main/AndroidManifest.xml:41:9-63
uses-feature#android.hardware.touchscreen.multitouch.distinct
ADDED from src/main/AndroidManifest.xml:43:5-45:36
	android:required
		ADDED from src/main/AndroidManifest.xml:45:9-33
	android:name
		ADDED from src/main/AndroidManifest.xml:44:9-72
application
ADDED from src/main/AndroidManifest.xml:47:5-81:19
	android:label
		ADDED from src/main/AndroidManifest.xml:51:9-41
	android:icon
		ADDED from src/main/AndroidManifest.xml:49:9-40
	android:banner
		ADDED from src/main/AndroidManifest.xml:48:9-46
	android:theme
		ADDED from src/main/AndroidManifest.xml:52:9-50
	android:isGame
		ADDED from src/main/AndroidManifest.xml:50:9-30
activity#com.itera.teratour.view.UnityPlayerActivity
ADDED from src/main/AndroidManifest.xml:53:9-63:20
	android:configChanges
		ADDED from src/main/AndroidManifest.xml:55:13-170
	android:theme
		ADDED from src/main/AndroidManifest.xml:56:13-69
	android:name
		ADDED from src/main/AndroidManifest.xml:54:13-53
meta-data#com.google.ar.core
ADDED from src/main/AndroidManifest.xml:65:9-67:40
	android:value
		ADDED from src/main/AndroidManifest.xml:67:13-37
	android:name
		ADDED from src/main/AndroidManifest.xml:66:13-46
meta-data#unity.build-id
ADDED from src/main/AndroidManifest.xml:68:9-70:68
	android:value
		ADDED from src/main/AndroidManifest.xml:70:13-65
	android:name
		ADDED from src/main/AndroidManifest.xml:69:13-42
meta-data#unity.splash-mode
ADDED from src/main/AndroidManifest.xml:71:9-73:33
	android:value
		ADDED from src/main/AndroidManifest.xml:73:13-30
	android:name
		ADDED from src/main/AndroidManifest.xml:72:13-45
meta-data#unity.splash-enable
ADDED from src/main/AndroidManifest.xml:74:9-76:36
	android:value
		ADDED from src/main/AndroidManifest.xml:76:13-33
	android:name
		ADDED from src/main/AndroidManifest.xml:75:13-47
activity#com.itera.teratour.view.UnityLaunch
ADDED from src/main/AndroidManifest.xml:78:9-80:20
	android:name
		ADDED from src/main/AndroidManifest.xml:78:19-51